
> sars-frontend@1.0.0 build
> vite build

[36mvite v5.4.21 [32mbuilding for production...[36m[39m
transforming...
[32mΓ£ô[39m 12361 modules transformed.
node.exe : [31mx[39m 
Build failed in 17.38s
At C:\Program 
Files\nodejs\npm.ps1:29 
char:3
+   & $NODE_EXE 
$NPM_CLI_JS $args
+   ~~~~~~~~~~~~~~~~~~~~~~
~~~~~~~
    + CategoryInfo        
      : NotSpecified: (  
  [31mx[39m Build fail   
 ed in 17.38s:String)     
[], RemoteException
    + FullyQualifiedError 
   Id : NativeCommandErr  
  or
 
[31merror during build:
[31msrc/pages/auth/LoginP
age.jsx (7:36): "Eco" is 
not exported by "node_modu
les/@mui/icons-material/es
m/index.js", imported by "
src/pages/auth/LoginPage.j
sx".[31m
file: [36mD:/PROGRAMMING/
sas/frontend/src/pages/aut
h/LoginPage.jsx:7:36[31m
[33m
5:   Alert, 
InputAdornment, 
IconButton, 
CircularProgress
6: } from '@mui/material';
7: import { Visibility, 
VisibilityOff, Eco, 
LockOutlined } from 
'@mui/icons-material';
                          
             ^
8: import { useAuth } 
from '../../context/AuthCo
ntext';
[31m
    at getRollupError (fil
e:///D:/PROGRAMMING/sas/fr
ontend/node_modules/rollup
/dist/es/shared/parseAst.j
s:406:41)
    at error (file:///D:/P
ROGRAMMING/sas/frontend/no
de_modules/rollup/dist/es/
shared/parseAst.js:402:42)
    at Module.error (file:
///D:/PROGRAMMING/sas/fron
tend/node_modules/rollup/d
ist/es/shared/node-entry.j
s:17380:16)
    at 
Module.traceVariable (file
:///D:/PROGRAMMING/sas/fro
ntend/node_modules/rollup/
dist/es/shared/node-entry.
js:17813:29)
    at 
ModuleScope.findVariable (
file:///D:/PROGRAMMING/sas
/frontend/node_modules/rol
lup/dist/es/shared/node-en
try.js:15403:39)
    at FunctionScope.findV
ariable (file:///D:/PROGRA
MMING/sas/frontend/node_mo
dules/rollup/dist/es/share
d/node-entry.js:5676:38)
    at FunctionBodyScope.f
indVariable (file:///D:/PR
OGRAMMING/sas/frontend/nod
e_modules/rollup/dist/es/s
hared/node-entry.js:5676:3
8)
    at Identifier.bind (fi
le:///D:/PROGRAMMING/sas/f
rontend/node_modules/rollu
p/dist/es/shared/node-entr
y.js:5450:40)
    at 
CallExpression.bind (file:
///D:/PROGRAMMING/sas/fron
tend/node_modules/rollup/d
ist/es/shared/node-entry.j
s:2828:28)
    at 
CallExpression.bind (file:
///D:/PROGRAMMING/sas/fron
tend/node_modules/rollup/d
ist/es/shared/node-entry.j
s:12512:15)[39m
